20 Mar 2023 - 22:29:33.705 [restartedMain] INFO  c.p.PetShopManagementSystemApplication - Starting PetShopManagementSystemApplication using Java 17.0.4.1 with PID 3656 (C:\Users\Ankita\Documents\workspace-spring-tool-suite-4-4.16.1.RELEASE\Pet-Shop-Management-System\target\classes started by Ankita in C:\Users\Ankita\Documents\workspace-spring-tool-suite-4-4.16.1.RELEASE\Pet-Shop-Management-System)
20 Mar 2023 - 22:29:33.718 [restartedMain] INFO  c.p.PetShopManagementSystemApplication - No active profile set, falling back to 1 default profile: "default"
20 Mar 2023 - 22:29:33.766 [restartedMain] INFO  o.s.b.d.e.DevToolsPropertyDefaultsPostProcessor - Devtools property defaults active! Set 'spring.devtools.add-properties' to 'false' to disable
20 Mar 2023 - 22:29:33.766 [restartedMain] INFO  o.s.b.d.e.DevToolsPropertyDefaultsPostProcessor - For additional web related logging consider setting the 'logging.level.web' property to 'DEBUG'
20 Mar 2023 - 22:29:34.325 [restartedMain] INFO  o.s.d.r.c.RepositoryConfigurationDelegate - Bootstrapping Spring Data JPA repositories in DEFAULT mode.
20 Mar 2023 - 22:29:34.389 [restartedMain] INFO  o.s.d.r.c.RepositoryConfigurationDelegate - Finished Spring Data repository scanning in 58 ms. Found 5 JPA repository interfaces.
20 Mar 2023 - 22:29:34.852 [restartedMain] INFO  o.s.b.w.e.tomcat.TomcatWebServer - Tomcat initialized with port(s): 8080 (http)
20 Mar 2023 - 22:29:34.863 [restartedMain] INFO  o.a.catalina.core.StandardService - Starting service [Tomcat]
20 Mar 2023 - 22:29:34.863 [restartedMain] INFO  o.a.catalina.core.StandardEngine - Starting Servlet engine: [Apache Tomcat/10.1.5]
20 Mar 2023 - 22:29:34.923 [restartedMain] INFO  o.a.c.c.C.[Tomcat].[localhost].[/] - Initializing Spring embedded WebApplicationContext
20 Mar 2023 - 22:29:34.924 [restartedMain] INFO  o.s.b.w.s.c.ServletWebServerApplicationContext - Root WebApplicationContext: initialization completed in 1158 ms
20 Mar 2023 - 22:29:35.039 [restartedMain] INFO  o.h.jpa.internal.util.LogHelper - HHH000204: Processing PersistenceUnitInfo [name: default]
20 Mar 2023 - 22:29:35.094 [restartedMain] INFO  org.hibernate.Version - HHH000412: Hibernate ORM core version 6.1.7.Final
20 Mar 2023 - 22:29:35.329 [restartedMain] INFO  com.zaxxer.hikari.HikariDataSource - HikariPool-1 - Starting...
20 Mar 2023 - 22:29:35.602 [restartedMain] INFO  com.zaxxer.hikari.pool.HikariPool - HikariPool-1 - Added connection com.mysql.cj.jdbc.ConnectionImpl@6b018ee7
20 Mar 2023 - 22:29:35.604 [restartedMain] INFO  com.zaxxer.hikari.HikariDataSource - HikariPool-1 - Start completed.
20 Mar 2023 - 22:29:35.622 [restartedMain] INFO  SQL dialect - HHH000400: Using dialect: org.hibernate.dialect.MySQL8Dialect
20 Mar 2023 - 22:29:35.623 [restartedMain] WARN  org.hibernate.orm.deprecation - HHH90000026: MySQL8Dialect has been deprecated; use org.hibernate.dialect.MySQLDialect instead
20 Mar 2023 - 22:29:36.865 [restartedMain] INFO  o.h.e.t.j.p.i.JtaPlatformInitiator - HHH000490: Using JtaPlatform implementation: [org.hibernate.engine.transaction.jta.platform.internal.NoJtaPlatform]
20 Mar 2023 - 22:29:36.873 [restartedMain] INFO  o.s.o.j.LocalContainerEntityManagerFactoryBean - Initialized JPA EntityManagerFactory for persistence unit 'default'
20 Mar 2023 - 22:29:37.394 [restartedMain] WARN  o.s.b.a.o.j.JpaBaseConfiguration$JpaWebConfiguration - spring.jpa.open-in-view is enabled by default. Therefore, database queries may be performed during view rendering. Explicitly configure spring.jpa.open-in-view to disable this warning
20 Mar 2023 - 22:29:37.669 [restartedMain] INFO  o.s.b.d.a.OptionalLiveReloadServer - LiveReload server is running on port 35729
20 Mar 2023 - 22:29:37.727 [restartedMain] INFO  o.s.b.w.e.tomcat.TomcatWebServer - Tomcat started on port(s): 8080 (http) with context path ''
20 Mar 2023 - 22:29:37.739 [restartedMain] INFO  c.p.PetShopManagementSystemApplication - Started PetShopManagementSystemApplication in 4.367 seconds (process running for 10.149)
20 Mar 2023 - 22:44:24.817 [HikariPool-1 housekeeper] WARN  com.zaxxer.hikari.pool.HikariPool - HikariPool-1 - Thread starvation or clock leap detected (housekeeper delta=8m18s991ms297µs100ns).
20 Mar 2023 - 22:44:46.569 [http-nio-8080-exec-1] INFO  o.a.c.c.C.[Tomcat].[localhost].[/] - Initializing Spring DispatcherServlet 'dispatcherServlet'
20 Mar 2023 - 22:44:46.569 [http-nio-8080-exec-1] INFO  o.s.web.servlet.DispatcherServlet - Initializing Servlet 'dispatcherServlet'
20 Mar 2023 - 22:44:46.569 [http-nio-8080-exec-1] INFO  o.s.web.servlet.DispatcherServlet - Completed initialization in 0 ms
20 Mar 2023 - 22:45:17.407 [http-nio-8080-exec-4] INFO  o.a.coyote.http11.Http11Processor - Error parsing HTTP request header
 Note: further occurrences of HTTP request parsing errors will be logged at DEBUG level.
java.lang.IllegalArgumentException: Invalid character found in method name [50xf60x870x910x1000x9c0xa8mX0xcbiL0xf8X0xae0x9a0xa80x830xab0xba0x8c0xc10xab0x000x000x000x000xb60xd50xb20xa20xbb0x880x830xab0xba0x8c0xc20xa30xf2o0x1eI0xd90xbaL0xdb0x100x8c0xc10xab0xba0x8c0xea0x800xba0x8c0xc10xab0x920x8c0xc10xab0xba0x8c0xc10xab0xba0x8c0xc10xab0xba0x8c0xc10xab0xbb0x8d0xc10xab0xba0x8c0xd70xab0xba0x8c0xc10xab0xba0x8c0xc10xab0xba0x8c0xc10xab0xba0x8c0xc10xab0xba0x8c0xc50xab0xba0x8c0xc10xab0xba0x8c0xc10xab0x040x00...]. HTTP method names must be tokens
	at org.apache.coyote.http11.Http11InputBuffer.parseRequestLine(Http11InputBuffer.java:419)
	at org.apache.coyote.http11.Http11Processor.service(Http11Processor.java:272)
	at org.apache.coyote.AbstractProcessorLight.process(AbstractProcessorLight.java:65)
	at org.apache.coyote.AbstractProtocol$ConnectionHandler.process(AbstractProtocol.java:859)
	at org.apache.tomcat.util.net.NioEndpoint$SocketProcessor.doRun(NioEndpoint.java:1734)
	at org.apache.tomcat.util.net.SocketProcessorBase.run(SocketProcessorBase.java:52)
	at org.apache.tomcat.util.threads.ThreadPoolExecutor.runWorker(ThreadPoolExecutor.java:1191)
	at org.apache.tomcat.util.threads.ThreadPoolExecutor$Worker.run(ThreadPoolExecutor.java:659)
	at org.apache.tomcat.util.threads.TaskThread$WrappingRunnable.run(TaskThread.java:61)
	at java.base/java.lang.Thread.run(Thread.java:833)
20 Mar 2023 - 23:20:46.242 [RMI TCP Connection(57)-127.0.0.1] INFO  o.s.b.a.SpringApplicationAdminMXBeanRegistrar$SpringApplicationAdmin - Application shutdown requested.
20 Mar 2023 - 23:20:46.434 [RMI TCP Connection(57)-127.0.0.1] INFO  o.a.catalina.core.StandardService - Stopping service [Tomcat]
20 Mar 2023 - 23:20:46.440 [RMI TCP Connection(57)-127.0.0.1] INFO  o.a.c.c.C.[Tomcat].[localhost].[/] - Destroying Spring FrameworkServlet 'dispatcherServlet'
20 Mar 2023 - 23:20:46.485 [RMI TCP Connection(57)-127.0.0.1] INFO  o.s.o.j.LocalContainerEntityManagerFactoryBean - Closing JPA EntityManagerFactory for persistence unit 'default'
20 Mar 2023 - 23:20:46.534 [RMI TCP Connection(57)-127.0.0.1] INFO  com.zaxxer.hikari.HikariDataSource - HikariPool-1 - Shutdown initiated...
20 Mar 2023 - 23:20:46.571 [RMI TCP Connection(57)-127.0.0.1] INFO  com.zaxxer.hikari.HikariDataSource - HikariPool-1 - Shutdown completed.
